<?xml version="1.0" encoding="UTF-8"?>
<testng-results ignored="0" total="1" passed="1" failed="0" skipped="0">
  <reporter-output>
  </reporter-output>
  <suite started-at="2025-11-21T20:39:10 IST" name="Suite" finished-at="2025-11-21T20:39:21 IST" duration-ms="11268">
    <groups>
      <group name="cucumber">
        <method signature="AbstractTestNGCucumberTests.runScenario(io.cucumber.testng.PickleWrapper,io.cucumber.testng.FeatureWrapper)[pri:0, instance:RunnerP5.RunnerC5@8297b3a]" name="runScenario" class="io.cucumber.testng.AbstractTestNGCucumberTests"/>
      </group> <!-- cucumber -->
    </groups>
    <test started-at="2025-11-21T20:39:10 IST" name="Test" finished-at="2025-11-21T20:39:21 IST" duration-ms="11268">
      <class name="RunnerP5.RunnerC5">
        <test-method is-config="true" signature="setUpClass(org.testng.ITestContext)[pri:0, instance:RunnerP5.RunnerC5@8297b3a]" started-at="2025-11-21T20:39:10 IST" name="setUpClass" finished-at="2025-11-21T20:39:11 IST" duration-ms="981" status="PASS">
          <params>
            <param index="0">
              <value>
                <![CDATA[org.testng.TestRunner@3d53e6f7]]>
              </value>
            </param>
          </params>
          <reporter-output>
          </reporter-output>
        </test-method> <!-- setUpClass -->
        <test-method signature="runScenario(io.cucumber.testng.PickleWrapper,io.cucumber.testng.FeatureWrapper)[pri:0, instance:RunnerP5.RunnerC5@8297b3a]" started-at="2025-11-21T20:39:11 IST" name="runScenario" description="Runs Cucumber Scenarios" data-provider="scenarios" finished-at="2025-11-21T20:39:21 IST" duration-ms="9787" status="PASS">
          <params>
            <param index="0">
              <value>
                <![CDATA["Validate the login test cases with Valid username and password"]]>
              </value>
            </param>
            <param index="1">
              <value>
                <![CDATA["FB login  feature"]]>
              </value>
            </param>
          </params>
          <reporter-output>
          </reporter-output>
        </test-method> <!-- runScenario -->
        <test-method is-config="true" signature="tearDownClass()[pri:0, instance:RunnerP5.RunnerC5@8297b3a]" started-at="2025-11-21T20:39:21 IST" name="tearDownClass" finished-at="2025-11-21T20:39:21 IST" duration-ms="445" status="PASS">
          <reporter-output>
          </reporter-output>
        </test-method> <!-- tearDownClass -->
      </class> <!-- RunnerP5.RunnerC5 -->
    </test> <!-- Test -->
  </suite> <!-- Suite -->
</testng-results>
